<?xml version="1.0" encoding="UTF-8"?>
<!-- Generated by org.testng.reporters.JUnitReportReporter -->
<testsuite hostname="LAPTOP-ED0VPTPQ" failures="0" tests="1" name="testNG.Demo1" time="0.009" errors="0" timestamp="2022-07-21T22:18:37 IST" skipped="0">
  <testcase classname="testNG.Demo1" name="main" time="0.009"/>
  <system-out/>
</testsuite> <!-- testNG.Demo1 -->
