<?xml version="1.0" encoding="UTF-8"?>
<!-- Generated by org.testng.reporters.JUnitReportReporter -->
<testsuite hostname="LAPTOP-ED0VPTPQ" failures="0" tests="1" name="parallel_Testing_testNG.Facebook" time="10.587" errors="0" timestamp="2022-08-04T23:39:10 IST" skipped="0">
  <testcase classname="parallel_Testing_testNG.Facebook" name="OpenFacebook" time="10.587"/>
  <system-out/>
</testsuite> <!-- parallel_Testing_testNG.Facebook -->
