<?xml version="1.0" encoding="UTF-8"?>
<!-- Generated by org.testng.reporters.JUnitReportReporter -->
<testsuite hostname="LAPTOP-ED0VPTPQ" failures="0" tests="2" name="testNG.Sample1" time="0.011" errors="0" timestamp="2022-07-21T23:21:28 IST" skipped="0">
  <testcase classname="testNG.Sample1" name="Test2" time="0.005"/>
  <system-out>
    <![CDATA[Test 2 is pass]]>
  </system-out>
  <testcase classname="testNG.Sample1" name="Test" time="0.006"/>
  <system-out>
    <![CDATA[Test 1 is pass]]>
  </system-out>
</testsuite> <!-- testNG.Sample1 -->
