<?xml version="1.0" encoding="UTF-8"?>
<!-- Generated by org.testng.reporters.JUnitReportReporter -->
<testsuite hostname="LAPTOP-ED0VPTPQ" failures="0" tests="1" name="listeners.Sample2" time="0.010" errors="0" timestamp="2022-08-21T14:54:10 IST" skipped="0">
  <testcase classname="listeners.Sample2" name="test1" time="0.010"/>
  <system-out/>
</testsuite> <!-- listeners.Sample2 -->
