<?xml version="1.0" encoding="UTF-8"?>
<!-- Generated by org.testng.reporters.JUnitReportReporter -->
<testsuite hostname="LAPTOP-ED0VPTPQ" failures="0" tests="6" name="testNG.Sample3" time="0.014" errors="0" timestamp="2022-07-21T23:43:25 IST" skipped="0">
  <testcase classname="testNG.Sample3" name="Test2" time="0.009"/>
  <system-out>
    <![CDATA[Test2 is running]]>
  </system-out>
  <testcase classname="testNG.Sample3" name="Test5" time="0.001"/>
  <system-out>
    <![CDATA[Test5 is running]]>
  </system-out>
  <testcase classname="testNG.Sample3" name="Test3" time="0.001"/>
  <system-out>
    <![CDATA[Test3 is running]]>
  </system-out>
  <testcase classname="testNG.Sample3" name="Test6" time="0.001"/>
  <system-out>
    <![CDATA[Test6 is running]]>
  </system-out>
  <testcase classname="testNG.Sample3" name="Test4" time="0.001"/>
  <system-out>
    <![CDATA[Test4 is running]]>
  </system-out>
  <testcase classname="testNG.Sample3" name="Test1" time="0.001"/>
  <system-out>
    <![CDATA[Test1 is running]]>
  </system-out>
</testsuite> <!-- testNG.Sample3 -->
