<?xml version="1.0" encoding="UTF-8"?>
<!-- Generated by org.testng.reporters.JUnitReportReporter -->
<testsuite hostname="LAPTOP-ED0VPTPQ" failures="0" tests="4" name="testNG.Sample12" time="0.005" errors="0" timestamp="2022-08-04T23:36:52 IST" skipped="0">
  <testcase classname="testNG.Sample12" name="test10" time="0.002"/>
  <system-out>
    <![CDATA[Test 10 is pass]]>
  </system-out>
  <testcase classname="testNG.Sample12" name="test8" time="0.001"/>
  <system-out>
    <![CDATA[Test 8 is pass]]>
  </system-out>
  <testcase classname="testNG.Sample12" name="test9" time="0.001"/>
  <system-out>
    <![CDATA[Test 9 is pass]]>
  </system-out>
  <testcase classname="testNG.Sample12" name="test12" time="0.001"/>
  <system-out>
    <![CDATA[Test 12 is pass]]>
  </system-out>
</testsuite> <!-- testNG.Sample12 -->
