<?xml version="1.0" encoding="UTF-8"?>
<!-- Generated by org.testng.reporters.JUnitReportReporter -->
<testsuite hostname="LAPTOP-ED0VPTPQ" failures="0" tests="1" name="testNG.Sample2" time="3.984" errors="0" timestamp="2022-07-21T23:52:12 IST" skipped="0">
  <testcase classname="testNG.Sample2" name="Test" time="3.984"/>
  <system-out>
    <![CDATA[Test Case is Pass]]>
  </system-out>
</testsuite> <!-- testNG.Sample2 -->
