<?xml version="1.0" encoding="UTF-8"?>
<!-- Generated by org.testng.reporters.JUnitReportReporter -->
<testsuite hostname="LAPTOP-ED0VPTPQ" failures="0" tests="2" name="testNG.Sample10" time="0.017" errors="0" timestamp="2022-08-02T23:14:02 IST" skipped="0">
  <testcase classname="testNG.Sample10" name="test4" time="0.002"/>
  <system-out>
    <![CDATA[Test 4 is pass]]>
  </system-out>
  <testcase classname="testNG.Sample10" name="test7" time="0.015"/>
  <system-out>
    <![CDATA[Test 7 is pass]]>
  </system-out>
</testsuite> <!-- testNG.Sample10 -->
