<?xml version="1.0" encoding="UTF-8"?>
<!-- Generated by org.testng.reporters.JUnitReportReporter -->
<testsuite hostname="LAPTOP-ED0VPTPQ" failures="0" tests="5" name="testNG.Sample11" time="0.022" errors="0" timestamp="2022-08-04T23:36:52 IST" skipped="0">
  <testcase classname="testNG.Sample11" name="test1" time="0.016"/>
  <system-out>
    <![CDATA[Test 1 is pass]]>
  </system-out>
  <testcase classname="testNG.Sample11" name="test2" time="0.002"/>
  <system-out>
    <![CDATA[Test 2 is pass]]>
  </system-out>
  <testcase classname="testNG.Sample11" name="test6" time="0.002"/>
  <system-out>
    <![CDATA[Test 6 is pass]]>
  </system-out>
  <testcase classname="testNG.Sample11" name="test7" time="0.001"/>
  <system-out>
    <![CDATA[Test 7 is pass]]>
  </system-out>
  <testcase classname="testNG.Sample11" name="test5" time="0.001"/>
  <system-out>
    <![CDATA[Test 5 is pass]]>
  </system-out>
</testsuite> <!-- testNG.Sample11 -->
