<?xml version="1.0" encoding="UTF-8"?>
<!-- Generated by org.testng.reporters.JUnitReportReporter -->
<testsuite hostname="LAPTOP-ED0VPTPQ" failures="0" tests="6" name="testNG.Sample4" time="0.021" errors="0" timestamp="2022-07-23T21:54:43 IST" skipped="2">
  <testcase classname="testNG.Sample4" name="test4" time="0.002"/>
  <system-out>
    <![CDATA[Test 4 is pass]]>
  </system-out>
  <testcase classname="testNG.Sample4" name="test3" time="0.002"/>
  <system-out>
    <![CDATA[Test 3 is pass]]>
  </system-out>
  <testcase classname="testNG.Sample4" name="test5" time="0.001"/>
  <system-out>
    <![CDATA[Test 5 is pass]]>
  </system-out>
  <testcase classname="testNG.Sample4" name="test2" time="0.016"/>
  <system-out>
    <![CDATA[Test 2 is pass]]>
  </system-out>
  <testcase classname="testNG.Sample4" name="test6">
    <skipped/>
  </testcase> <!-- test6 -->
  <system-out/>
  <testcase classname="testNG.Sample4" name="test1">
    <skipped/>
  </testcase> <!-- test1 -->
  <system-out/>
</testsuite> <!-- testNG.Sample4 -->
